mode: set
_/Users/lawtech/go/src/go_projects/learngo/container/nonrepeating/nonrepeating.go:5.47,9.31 4 1
_/Users/lawtech/go/src/go_projects/learngo/container/nonrepeating/nonrepeating.go:19.2,19.18 1 1
_/Users/lawtech/go/src/go_projects/learngo/container/nonrepeating/nonrepeating.go:9.31,11.27 2 1
_/Users/lawtech/go/src/go_projects/learngo/container/nonrepeating/nonrepeating.go:14.3,14.28 1 1
_/Users/lawtech/go/src/go_projects/learngo/container/nonrepeating/nonrepeating.go:17.3,17.23 1 1
_/Users/lawtech/go/src/go_projects/learngo/container/nonrepeating/nonrepeating.go:11.27,13.4 1 1
_/Users/lawtech/go/src/go_projects/learngo/container/nonrepeating/nonrepeating.go:14.28,16.4 1 1
_/Users/lawtech/go/src/go_projects/learngo/container/nonrepeating/nonrepeating.go:22.13,24.2 1 0
